This is pdfTeX, Version 3.141592653-2.6-1.40.24 (TeX Live 2022/Homebrew) (preloaded format=pdflatex 2022.9.2)  4 DEC 2022 14:59
entering extended mode
 \write18 enabled.
 %&-line parsing enabled.
**p
(./p.tex
LaTeX2e <2021-11-15> patch level 1
L3 programming layer <2022-02-24>
(/opt/homebrew/Cellar/texlive/20220321_3/share/texmf-dist/tex/latex/base/articl
e.cls
Document Class: article 2021/10/04 v1.4n Standard LaTeX document class

(/opt/homebrew/Cellar/texlive/20220321_3/share/texmf-dist/tex/latex/base/size10
.clo
File: size10.clo 2021/10/04 v1.4n Standard LaTeX file (size option)
)
\c@part=\count185
\c@section=\count186
\c@subsection=\count187
\c@subsubsection=\count188
\c@paragraph=\count189
\c@subparagraph=\count190
\c@figure=\count191
\c@table=\count192
\abovecaptionskip=\skip47
\belowcaptionskip=\skip48
\bibindent=\dimen138
) (sty/usenix2019_v3.sty
(/opt/homebrew/Cellar/texlive/20220321_3/share/texmf-dist/tex/latex/psnfss/math
ptmx.sty
Package: mathptmx 2020/03/25 PSNFSS-v9.3 Times w/ Math, improved (SPQR, WaS) 
LaTeX Font Info:    Redeclaring symbol font `operators' on input line 28.
LaTeX Font Info:    Overwriting symbol font `operators' in version `normal'
(Font)                  OT1/cmr/m/n --> OT1/ztmcm/m/n on input line 28.
LaTeX Font Info:    Overwriting symbol font `operators' in version `bold'
(Font)                  OT1/cmr/bx/n --> OT1/ztmcm/m/n on input line 28.
LaTeX Font Info:    Redeclaring symbol font `letters' on input line 29.
LaTeX Font Info:    Overwriting symbol font `letters' in version `normal'
(Font)                  OML/cmm/m/it --> OML/ztmcm/m/it on input line 29.
LaTeX Font Info:    Overwriting symbol font `letters' in version `bold'
(Font)                  OML/cmm/b/it --> OML/ztmcm/m/it on input line 29.
LaTeX Font Info:    Redeclaring symbol font `symbols' on input line 30.
LaTeX Font Info:    Overwriting symbol font `symbols' in version `normal'
(Font)                  OMS/cmsy/m/n --> OMS/ztmcm/m/n on input line 30.
LaTeX Font Info:    Overwriting symbol font `symbols' in version `bold'
(Font)                  OMS/cmsy/b/n --> OMS/ztmcm/m/n on input line 30.
LaTeX Font Info:    Redeclaring symbol font `largesymbols' on input line 31.
LaTeX Font Info:    Overwriting symbol font `largesymbols' in version `normal'
(Font)                  OMX/cmex/m/n --> OMX/ztmcm/m/n on input line 31.
LaTeX Font Info:    Overwriting symbol font `largesymbols' in version `bold'
(Font)                  OMX/cmex/m/n --> OMX/ztmcm/m/n on input line 31.
\symbold=\mathgroup4
\symitalic=\mathgroup5
LaTeX Font Info:    Redeclaring math alphabet \mathbf on input line 34.
LaTeX Font Info:    Overwriting math alphabet `\mathbf' in version `normal'
(Font)                  OT1/cmr/bx/n --> OT1/ptm/bx/n on input line 34.
LaTeX Font Info:    Overwriting math alphabet `\mathbf' in version `bold'
(Font)                  OT1/cmr/bx/n --> OT1/ptm/bx/n on input line 34.
LaTeX Font Info:    Redeclaring math alphabet \mathit on input line 35.
LaTeX Font Info:    Overwriting math alphabet `\mathit' in version `normal'
(Font)                  OT1/cmr/m/it --> OT1/ptm/m/it on input line 35.
LaTeX Font Info:    Overwriting math alphabet `\mathit' in version `bold'
(Font)                  OT1/cmr/bx/it --> OT1/ptm/m/it on input line 35.
LaTeX Info: Redefining \hbar on input line 50.
)
(/opt/homebrew/Cellar/texlive/20220321_3/share/texmf-dist/tex/latex/base/fonten
c.sty
Package: fontenc 2021/04/29 v2.0v Standard LaTeX package
LaTeX Font Info:    Trying to load font information for T1+ptm on input line 11
2.

(/opt/homebrew/Cellar/texlive/20220321_3/share/texmf-dist/tex/latex/psnfss/t1pt
m.fd
File: t1ptm.fd 2001/06/04 font definitions for T1/ptm.
))
(/opt/homebrew/Cellar/texlive/20220321_3/share/texmf-dist/tex/latex/base/inpute
nc.sty
Package: inputenc 2021/02/14 v1.3d Input encoding file
\inpenc@prehook=\toks16
\inpenc@posthook=\toks17
)
(/opt/homebrew/Cellar/texlive/20220321_3/share/texmf-dist/tex/latex/pslatex/psl
atex.sty
Package: pslatex 2021/01/13 v1.3 pslatex emulation (DPC)
LaTeX Font Info:    Redeclaring symbol font `operators' on input line 66.
LaTeX Font Info:    Overwriting symbol font `operators' in version `normal'
(Font)                  OT1/ztmcm/m/n --> OT1/ptmcm/m/n on input line 66.
LaTeX Font Info:    Overwriting symbol font `operators' in version `bold'
(Font)                  OT1/ztmcm/m/n --> OT1/ptmcm/m/n on input line 66.
LaTeX Font Info:    Redeclaring symbol font `letters' on input line 67.
LaTeX Font Info:    Overwriting symbol font `letters' in version `normal'
(Font)                  OML/ztmcm/m/it --> OML/ptmcm/m/it on input line 67.
LaTeX Font Info:    Overwriting symbol font `letters' in version `bold'
(Font)                  OML/ztmcm/m/it --> OML/ptmcm/m/it on input line 67.
LaTeX Font Info:    Redeclaring symbol font `symbols' on input line 68.
LaTeX Font Info:    Overwriting symbol font `symbols' in version `normal'
(Font)                  OMS/ztmcm/m/n --> OMS/pzccm/m/n on input line 68.
LaTeX Font Info:    Overwriting symbol font `symbols' in version `bold'
(Font)                  OMS/ztmcm/m/n --> OMS/pzccm/m/n on input line 68.
LaTeX Font Info:    Redeclaring symbol font `largesymbols' on input line 69.
LaTeX Font Info:    Overwriting symbol font `largesymbols' in version `normal'
(Font)                  OMX/ztmcm/m/n --> OMX/psycm/m/n on input line 69.
LaTeX Font Info:    Overwriting symbol font `largesymbols' in version `bold'
(Font)                  OMX/ztmcm/m/n --> OMX/psycm/m/n on input line 69.
LaTeX Font Info:    Redeclaring symbol font `bold' on input line 70.
LaTeX Font Info:    Overwriting symbol font `bold' in version `normal'
(Font)                  OT1/ptm/bx/n --> OT1/ptm/bx/n on input line 70.
LaTeX Font Info:    Overwriting symbol font `bold' in version `bold'
(Font)                  OT1/ptm/bx/n --> OT1/ptm/bx/n on input line 70.
LaTeX Font Info:    Redeclaring symbol font `italic' on input line 71.
LaTeX Font Info:    Overwriting symbol font `italic' in version `normal'
(Font)                  OT1/ptm/m/it --> OT1/ptm/m/it on input line 71.
LaTeX Font Info:    Overwriting symbol font `italic' in version `bold'
(Font)                  OT1/ptm/m/it --> OT1/ptm/m/it on input line 71.
LaTeX Font Info:    Redeclaring math alphabet \mathbf on input line 75.
LaTeX Font Info:    Overwriting math alphabet `\mathbf' in version `normal'
(Font)                  OT1/ptm/bx/n --> OT1/ptm/bx/n on input line 75.
LaTeX Font Info:    Overwriting math alphabet `\mathbf' in version `bold'
(Font)                  OT1/ptm/bx/n --> OT1/ptm/bx/n on input line 75.
LaTeX Font Info:    Redeclaring math alphabet \mathit on input line 76.
LaTeX Font Info:    Overwriting math alphabet `\mathit' in version `normal'
(Font)                  OT1/ptm/m/it --> OT1/ptm/m/it on input line 76.
LaTeX Font Info:    Overwriting math alphabet `\mathit' in version `bold'
(Font)                  OT1/ptm/m/it --> OT1/ptm/m/it on input line 76.
LaTeX Font Info:    Redeclaring math symbol \omicron on input line 80.
)
(/opt/homebrew/Cellar/texlive/20220321_3/share/texmf-dist/tex/latex/microtype/m
icrotype.sty
Package: microtype 2022/03/14 v3.0d Micro-typographical refinements (RS)

(/opt/homebrew/Cellar/texlive/20220321_3/share/texmf-dist/tex/latex/graphics/ke
yval.sty
Package: keyval 2014/10/28 v1.15 key=value parser (DPC)
\KV@toks@=\toks18
)
(/opt/homebrew/Cellar/texlive/20220321_3/share/texmf-dist/tex/latex/etoolbox/et
oolbox.sty
Package: etoolbox 2020/10/05 v2.5k e-TeX tools for LaTeX (JAW)
\etb@tempcnta=\count193
)
\MT@toks=\toks19
\MT@tempbox=\box50
\MT@count=\count194
LaTeX Info: Redefining \noprotrusionifhmode on input line 1027.
LaTeX Info: Redefining \leftprotrusion on input line 1028.
LaTeX Info: Redefining \rightprotrusion on input line 1036.
LaTeX Info: Redefining \textls on input line 1195.
\MT@outer@kern=\dimen139
LaTeX Info: Redefining \textmicrotypecontext on input line 1781.
\MT@listname@count=\count195

(/opt/homebrew/Cellar/texlive/20220321_3/share/texmf-dist/tex/latex/microtype/m
icrotype-pdftex.def
File: microtype-pdftex.def 2022/03/14 v3.0d Definitions specific to pdftex (RS)

LaTeX Info: Redefining \lsstyle on input line 900.
LaTeX Info: Redefining \lslig on input line 900.
\MT@outer@space=\skip49
)
Package microtype Info: Loading configuration file microtype.cfg.

(/opt/homebrew/Cellar/texlive/20220321_3/share/texmf-dist/tex/latex/microtype/m
icrotype.cfg
File: microtype.cfg 2022/03/14 v3.0d microtype main configuration file (RS)
))
(/opt/homebrew/Cellar/texlive/20220321_3/share/texmf-dist/tex/latex/sttools/flu
shend.sty
Package: flushend 2021/10/04 v4.0 Balancing columns in twocolumn mode
\flushend@@lastskip@a=\skip50
\flushend@@lastskip@b=\skip51
\flushend@@lastnode=\count196
\var@@loop@iter=\count197
\var@@temp@spread=\dimen140
\var@@temp@a=\dimen141
\var@@temp@loop=\dimen142
\flushend@@page@rule=\dimen143
\flushend@@varbox@lastpage=\box51
\flushend@@varbox@a=\box52
\flushend@@varbox@c=\box53
\flushend@@tempbox@a=\box54
\flushend@@tempbox@c=\box55
\flushend@@floatbox=\box56
\@viper=\box57
\hold@viper=\box58
\atColsBreak=\toks20
\atColsEnd=\toks21
\oldbreak@skip=\dimen144
)
(/opt/homebrew/Cellar/texlive/20220321_3/share/texmf-dist/tex/latex/cite/cite.s
ty
LaTeX Info: Redefining \cite on input line 302.
LaTeX Info: Redefining \nocite on input line 332.
Package: cite 2015/02/27  v 5.5
)
(/opt/homebrew/Cellar/texlive/20220321_3/share/texmf-dist/tex/latex/breakurl/br
eakurl.sty
Package: breakurl 2013/04/10 v1.40 Breakable hyperref URLs

(/opt/homebrew/Cellar/texlive/20220321_3/share/texmf-dist/tex/latex/xkeyval/xke
yval.sty
Package: xkeyval 2020/11/20 v2.8 package option processing (HA)

(/opt/homebrew/Cellar/texlive/20220321_3/share/texmf-dist/tex/generic/xkeyval/x
keyval.tex
(/opt/homebrew/Cellar/texlive/20220321_3/share/texmf-dist/tex/generic/xkeyval/x
kvutils.tex
\XKV@toks=\toks22
\XKV@tempa@toks=\toks23
)
\XKV@depth=\count198
File: xkeyval.tex 2014/12/03 v2.7a key=value parser (HA)
))
(/opt/homebrew/Cellar/texlive/20220321_3/share/texmf-dist/tex/generic/iftex/ifp
df.sty
Package: ifpdf 2019/10/25 v3.4 ifpdf legacy package. Use iftex instead.

(/opt/homebrew/Cellar/texlive/20220321_3/share/texmf-dist/tex/generic/iftex/ift
ex.sty
Package: iftex 2022/02/03 v1.0f TeX engine tests
))

Package breakurl Warning: You are using breakurl while processing via pdflatex.

(breakurl)                \burl will be just a synonym of \url.
(breakurl)                 on input line 48.

)
(/opt/homebrew/Cellar/texlive/20220321_3/share/texmf-dist/tex/latex/url/url.sty
\Urlmuskip=\muskip16
Package: url 2013/09/16  ver 3.4  Verb mode for urls, etc.
)
(/opt/homebrew/Cellar/texlive/20220321_3/share/texmf-dist/tex/latex/xcolor/xcol
or.sty
Package: xcolor 2021/10/31 v2.13 LaTeX color extensions (UK)

(/opt/homebrew/Cellar/texlive/20220321_3/share/texmf-dist/tex/latex/graphics-cf
g/color.cfg
File: color.cfg 2016/01/02 v1.6 sample color configuration
)
Package xcolor Info: Driver file: pdftex.def on input line 227.

(/opt/homebrew/Cellar/texlive/20220321_3/share/texmf-dist/tex/latex/graphics-de
f/pdftex.def
File: pdftex.def 2020/10/05 v1.2a Graphics/color driver for pdftex
)
Package xcolor Info: Model `cmy' substituted by `cmy0' on input line 1352.
Package xcolor Info: Model `hsb' substituted by `rgb' on input line 1356.
Package xcolor Info: Model `RGB' extended on input line 1368.
Package xcolor Info: Model `HTML' substituted by `rgb' on input line 1370.
Package xcolor Info: Model `Hsb' substituted by `hsb' on input line 1371.
Package xcolor Info: Model `tHsb' substituted by `hsb' on input line 1372.
Package xcolor Info: Model `HSB' substituted by `hsb' on input line 1373.
Package xcolor Info: Model `Gray' substituted by `gray' on input line 1374.
Package xcolor Info: Model `wave' substituted by `hsb' on input line 1375.
)
(/opt/homebrew/Cellar/texlive/20220321_3/share/texmf-dist/tex/latex/hyperref/hy
perref.sty
Package: hyperref 2022-02-21 v7.00n Hypertext links for LaTeX

(/opt/homebrew/Cellar/texlive/20220321_3/share/texmf-dist/tex/generic/ltxcmds/l
txcmds.sty
Package: ltxcmds 2020-05-10 v1.25 LaTeX kernel commands for general use (HO)
)
(/opt/homebrew/Cellar/texlive/20220321_3/share/texmf-dist/tex/generic/pdftexcmd
s/pdftexcmds.sty
Package: pdftexcmds 2020-06-27 v0.33 Utility functions of pdfTeX for LuaTeX (HO
)

(/opt/homebrew/Cellar/texlive/20220321_3/share/texmf-dist/tex/generic/infwarerr
/infwarerr.sty
Package: infwarerr 2019/12/03 v1.5 Providing info/warning/error messages (HO)
)
Package pdftexcmds Info: \pdf@primitive is available.
Package pdftexcmds Info: \pdf@ifprimitive is available.
Package pdftexcmds Info: \pdfdraftmode found.
)
(/opt/homebrew/Cellar/texlive/20220321_3/share/texmf-dist/tex/generic/kvsetkeys
/kvsetkeys.sty
Package: kvsetkeys 2019/12/15 v1.18 Key value parser (HO)
)
(/opt/homebrew/Cellar/texlive/20220321_3/share/texmf-dist/tex/generic/kvdefinek
eys/kvdefinekeys.sty
Package: kvdefinekeys 2019-12-19 v1.6 Define keys (HO)
)
(/opt/homebrew/Cellar/texlive/20220321_3/share/texmf-dist/tex/generic/pdfescape
/pdfescape.sty
Package: pdfescape 2019/12/09 v1.15 Implements pdfTeX's escape features (HO)
)
(/opt/homebrew/Cellar/texlive/20220321_3/share/texmf-dist/tex/latex/hycolor/hyc
olor.sty
Package: hycolor 2020-01-27 v1.10 Color options for hyperref/bookmark (HO)
)
(/opt/homebrew/Cellar/texlive/20220321_3/share/texmf-dist/tex/latex/letltxmacro
/letltxmacro.sty
Package: letltxmacro 2019/12/03 v1.6 Let assignment for LaTeX macros (HO)
)
(/opt/homebrew/Cellar/texlive/20220321_3/share/texmf-dist/tex/latex/auxhook/aux
hook.sty
Package: auxhook 2019-12-17 v1.6 Hooks for auxiliary files (HO)
)
(/opt/homebrew/Cellar/texlive/20220321_3/share/texmf-dist/tex/latex/kvoptions/k
voptions.sty
Package: kvoptions 2020-10-07 v3.14 Key value format for package options (HO)
)
\@linkdim=\dimen145
\Hy@linkcounter=\count199
\Hy@pagecounter=\count266

(/opt/homebrew/Cellar/texlive/20220321_3/share/texmf-dist/tex/latex/hyperref/pd
1enc.def
File: pd1enc.def 2022-02-21 v7.00n Hyperref: PDFDocEncoding definition (HO)
Now handling font encoding PD1 ...
... no UTF-8 mapping file for font encoding PD1
)
(/opt/homebrew/Cellar/texlive/20220321_3/share/texmf-dist/tex/generic/intcalc/i
ntcalc.sty
Package: intcalc 2019/12/15 v1.3 Expandable calculations with integers (HO)
)
(/opt/homebrew/Cellar/texlive/20220321_3/share/texmf-dist/tex/generic/etexcmds/
etexcmds.sty
Package: etexcmds 2019/12/15 v1.7 Avoid name clashes with e-TeX commands (HO)
)
\Hy@SavedSpaceFactor=\count267

(/opt/homebrew/Cellar/texlive/20220321_3/share/texmf-dist/tex/latex/hyperref/pu
enc.def
File: puenc.def 2022-02-21 v7.00n Hyperref: PDF Unicode definition (HO)
Now handling font encoding PU ...
... no UTF-8 mapping file for font encoding PU
)
Package hyperref Info: Hyper figures OFF on input line 4137.
Package hyperref Info: Link nesting OFF on input line 4142.
Package hyperref Info: Hyper index ON on input line 4145.
Package hyperref Info: Plain pages OFF on input line 4152.
Package hyperref Info: Backreferencing OFF on input line 4157.
Package hyperref Info: Implicit mode ON; LaTeX internals redefined.
Package hyperref Info: Bookmarks ON on input line 4390.
\c@Hy@tempcnt=\count268
LaTeX Info: Redefining \url on input line 4749.
\XeTeXLinkMargin=\dimen146

(/opt/homebrew/Cellar/texlive/20220321_3/share/texmf-dist/tex/generic/bitset/bi
tset.sty
Package: bitset 2019/12/09 v1.3 Handle bit-vector datatype (HO)

(/opt/homebrew/Cellar/texlive/20220321_3/share/texmf-dist/tex/generic/bigintcal
c/bigintcalc.sty
Package: bigintcalc 2019/12/15 v1.5 Expandable calculations on big integers (HO
)
))
\Fld@menulength=\count269
\Field@Width=\dimen147
\Fld@charsize=\dimen148
Package hyperref Info: Hyper figures OFF on input line 6027.
Package hyperref Info: Link nesting OFF on input line 6032.
Package hyperref Info: Hyper index ON on input line 6035.
Package hyperref Info: backreferencing OFF on input line 6042.
Package hyperref Info: Link coloring OFF on input line 6047.
Package hyperref Info: Link coloring with OCG OFF on input line 6052.
Package hyperref Info: PDF/A mode OFF on input line 6057.
LaTeX Info: Redefining \ref on input line 6097.
LaTeX Info: Redefining \pageref on input line 6101.

(/opt/homebrew/Cellar/texlive/20220321_3/share/texmf-dist/tex/latex/base/atbegs
hi-ltx.sty
Package: atbegshi-ltx 2021/01/10 v1.0c Emulation of the original atbegshi
package with kernel methods
)
\Hy@abspage=\count270
\c@Item=\count271
\c@Hfootnote=\count272
)
Package hyperref Info: Driver (autodetected): hpdftex.

(/opt/homebrew/Cellar/texlive/20220321_3/share/texmf-dist/tex/latex/hyperref/hp
dftex.def
File: hpdftex.def 2022-02-21 v7.00n Hyperref driver for pdfTeX

(/opt/homebrew/Cellar/texlive/20220321_3/share/texmf-dist/tex/latex/base/atvery
end-ltx.sty
Package: atveryend-ltx 2020/08/19 v1.0a Emulation of the original atveryend pac
kage
with kernel methods
)
\Fld@listcount=\count273
\c@bookmark@seq@number=\count274

(/opt/homebrew/Cellar/texlive/20220321_3/share/texmf-dist/tex/latex/rerunfilech
eck/rerunfilecheck.sty
Package: rerunfilecheck 2019/12/05 v1.9 Rerun checks for auxiliary files (HO)

(/opt/homebrew/Cellar/texlive/20220321_3/share/texmf-dist/tex/generic/uniquecou
nter/uniquecounter.sty
Package: uniquecounter 2019/12/15 v1.4 Provide unlimited unique counter (HO)
)
Package uniquecounter Info: New unique counter `rerunfilecheck' on input line 2
86.
)
\Hy@SectionHShift=\skip52
)
Package hyperref Info: Option `colorlinks' set `true' on input line 44.
)

LaTeX Warning: \include should only be used after \begin{document} on input lin
e 5.

(./pkgs.tex (./warning.tex
(/opt/homebrew/Cellar/texlive/20220321_3/share/texmf-dist/tex/latex/silence/sil
ence.sty
Package: silence 2012/07/02 v1.5b Selective filtering of warnings and error mes
sages
\sl@Save=\count275
\sl@StateNumber=\count276
\sl@MessageCount=\count277
\sl@Casualties=\count278
\sl@Filter=\toks24
\sl@Message=\toks25
\sl@UnexpandedMessage=\toks26
\sl@Mess@ge=\toks27
\sl@WarningCount=\count279
\sl@WarningNumber=\count280
\sl@WarningCasualties=\count281
\sl@TempBOW=\toks28
\sl@BankOfWarnings=\toks29
LaTeX Info: Redefining \GenericWarning on input line 433.
\sl@ErrorCount=\count282
\sl@ErrorNumber=\count283
\sl@ErrorCasualties=\count284
\sl@TempBOE=\toks30
\sl@BankOfErrors=\toks31
LaTeX Info: Redefining \GenericError on input line 601.
))
(/opt/homebrew/Cellar/texlive/20220321_3/share/texmf-dist/tex/latex/comment/com
ment.sty
\CommentStream=\write3
 Excluding comment 'comment')
(/opt/homebrew/Cellar/texlive/20220321_3/share/texmf-dist/tex/latex/epigraph/ep
igraph.sty
Package: epigraph 2020/01/02 v1.5e typesetting epigraphs

(/opt/homebrew/Cellar/texlive/20220321_3/share/texmf-dist/tex/latex/nextpage/ne
xtpage.sty
Package: nextpage 2009/09/03 v1.1a additional page commands
)
\beforeepigraphskip=\skip53
\afterepigraphskip=\skip54
\epigraphwidth=\skip55
\epigraphrule=\skip56
)
Package hyperref Info: Option `colorlinks' set `true' on input line 15.

(/opt/homebrew/Cellar/texlive/20220321_3/share/texmf-dist/tex/latex/colortbl/co
lortbl.sty
Package: colortbl 2020/01/04 v1.0e Color table columns (DPC)

(/opt/homebrew/Cellar/texlive/20220321_3/share/texmf-dist/tex/latex/tools/array
.sty
Package: array 2021/10/04 v2.5f Tabular extension package (FMi)
\col@sep=\dimen149
\ar@mcellbox=\box59
\extrarowheight=\dimen150
\NC@list=\toks32
\extratabsurround=\skip57
\backup@length=\skip58
\ar@cellbox=\box60
)
\everycr=\toks33
\minrowclearance=\skip59
)
(/opt/homebrew/Cellar/texlive/20220321_3/share/texmf-dist/tex/latex/amsmath/ams
math.sty
Package: amsmath 2021/10/15 v2.17l AMS math features
\@mathmargin=\skip60

For additional information on amsmath, use the `?' option.

(/opt/homebrew/Cellar/texlive/20220321_3/share/texmf-dist/tex/latex/amsmath/ams
text.sty
Package: amstext 2021/08/26 v2.01 AMS text

(/opt/homebrew/Cellar/texlive/20220321_3/share/texmf-dist/tex/latex/amsmath/ams
gen.sty
File: amsgen.sty 1999/11/30 v2.0 generic functions
\@emptytoks=\toks34
\ex@=\dimen151
))
(/opt/homebrew/Cellar/texlive/20220321_3/share/texmf-dist/tex/latex/amsmath/ams
bsy.sty
Package: amsbsy 1999/11/29 v1.2d Bold Symbols
\pmbraise@=\dimen152
)
(/opt/homebrew/Cellar/texlive/20220321_3/share/texmf-dist/tex/latex/amsmath/ams
opn.sty
Package: amsopn 2021/08/26 v2.02 operator names
)
\inf@bad=\count285
LaTeX Info: Redefining \frac on input line 234.
\uproot@=\count286
\leftroot@=\count287
LaTeX Info: Redefining \overline on input line 399.
\classnum@=\count288
\DOTSCASE@=\count289
LaTeX Info: Redefining \ldots on input line 496.
LaTeX Info: Redefining \dots on input line 499.
LaTeX Info: Redefining \cdots on input line 620.
\Mathstrutbox@=\box61
\strutbox@=\box62
\big@size=\dimen153
LaTeX Font Info:    Redeclaring font encoding OML on input line 743.
LaTeX Font Info:    Redeclaring font encoding OMS on input line 744.
\macc@depth=\count290
\c@MaxMatrixCols=\count291
\dotsspace@=\muskip17
\c@parentequation=\count292
\dspbrk@lvl=\count293
\tag@help=\toks35
\row@=\count294
\column@=\count295
\maxfields@=\count296
\andhelp@=\toks36
\eqnshift@=\dimen154
\alignsep@=\dimen155
\tagshift@=\dimen156
\tagwidth@=\dimen157
\totwidth@=\dimen158
\lineht@=\dimen159
\@envbody=\toks37
\multlinegap=\skip61
\multlinetaggap=\skip62
\mathdisplay@stack=\toks38
LaTeX Info: Redefining \[ on input line 2938.
LaTeX Info: Redefining \] on input line 2939.
)
(/opt/homebrew/Cellar/texlive/20220321_3/share/texmf-dist/tex/latex/amsfonts/am
ssymb.sty
Package: amssymb 2013/01/14 v3.01 AMS font symbols

(/opt/homebrew/Cellar/texlive/20220321_3/share/texmf-dist/tex/latex/amsfonts/am
sfonts.sty
Package: amsfonts 2013/01/14 v3.01 Basic AMSFonts support
\symAMSa=\mathgroup6
\symAMSb=\mathgroup7
LaTeX Font Info:    Overwriting math alphabet `\mathfrak' in version `bold'
(Font)                  U/euf/m/n --> U/euf/b/n on input line 106.
))
(/opt/homebrew/Cellar/texlive/20220321_3/share/texmf-dist/tex/latex/amscls/amst
hm.sty
Package: amsthm 2020/05/29 v2.20.6
\thm@style=\toks39
\thm@bodyfont=\toks40
\thm@headfont=\toks41
\thm@notefont=\toks42
\thm@headpunct=\toks43
\thm@preskip=\skip63
\thm@postskip=\skip64
\thm@headsep=\skip65
\dth@everypar=\toks44
)
(/opt/homebrew/Cellar/texlive/20220321_3/share/texmf-dist/tex/latex/subfig/subf
ig.sty
Package: subfig 2005/06/28 ver: 1.3 subfig package

(/opt/homebrew/Cellar/texlive/20220321_3/share/texmf-dist/tex/latex/caption/cap
tion.sty
Package: caption 2022/03/01 v3.6b Customizing captions (AR)

(/opt/homebrew/Cellar/texlive/20220321_3/share/texmf-dist/tex/latex/caption/cap
tion3.sty
Package: caption3 2022/03/17 v2.3b caption3 kernel (AR)
\caption@tempdima=\dimen160
\captionmargin=\dimen161
\caption@leftmargin=\dimen162
\caption@rightmargin=\dimen163
\caption@width=\dimen164
\caption@indent=\dimen165
\caption@parindent=\dimen166
\caption@hangindent=\dimen167
Package caption Info: Standard document class detected.
)
\c@caption@flags=\count297
\c@continuedfloat=\count298
Package caption Info: hyperref package is loaded.
)
\c@KVtest=\count299
\sf@farskip=\skip66
\sf@captopadj=\dimen168
\sf@capskip=\skip67
\sf@nearskip=\skip68
\c@subfigure=\count300
\c@subfigure@save=\count301
\c@lofdepth=\count302
\c@subtable=\count303
\c@subtable@save=\count304
\c@lotdepth=\count305
\sf@top=\skip69
\sf@bottom=\skip70
)
(/opt/homebrew/Cellar/texlive/20220321_3/share/texmf-dist/tex/latex/endnotes/en
dnotes.sty
Package: endnotes 2020-01-02 endnotes package
\c@endnote=\count306
\endnotesep=\dimen169
\@enotes=\write4
)
(/opt/homebrew/Cellar/texlive/20220321_3/share/texmf-dist/tex/latex/tools/xspac
e.sty
Package: xspace 2014/10/28 v1.13 Space after command names (DPC,MH)
)
(/opt/homebrew/Cellar/texlive/20220321_3/share/texmf-dist/tex/latex/graphics/gr
aphicx.sty
Package: graphicx 2021/09/16 v1.2d Enhanced LaTeX Graphics (DPC,SPQR)

(/opt/homebrew/Cellar/texlive/20220321_3/share/texmf-dist/tex/latex/graphics/gr
aphics.sty
Package: graphics 2021/03/04 v1.4d Standard LaTeX Graphics (DPC,SPQR)

(/opt/homebrew/Cellar/texlive/20220321_3/share/texmf-dist/tex/latex/graphics/tr
ig.sty
Package: trig 2021/08/11 v1.11 sin cos tan (DPC)
)
(/opt/homebrew/Cellar/texlive/20220321_3/share/texmf-dist/tex/latex/graphics-cf
g/graphics.cfg
File: graphics.cfg 2016/06/04 v1.11 sample graphics configuration
)
Package graphics Info: Driver file: pdftex.def on input line 107.
)
\Gin@req@height=\dimen170
\Gin@req@width=\dimen171
)
(/opt/homebrew/Cellar/texlive/20220321_3/share/texmf-dist/tex/latex/fancyvrb/fa
ncyvrb.sty
Package: fancyvrb 2021/12/21 4.1b verbatim text (tvz,hv)
\FV@CodeLineNo=\count307
\FV@InFile=\read2
\FV@TabBox=\box63
\c@FancyVerbLine=\count308
\FV@StepNumber=\count309
\FV@OutFile=\write5
)
(/opt/homebrew/Cellar/texlive/20220321_3/share/texmf-dist/tex/latex/multirow/mu
ltirow.sty
Package: multirow 2021/03/15 v2.8 Span multiple rows of a table
\multirow@colwidth=\skip71
\multirow@cntb=\count310
\multirow@dima=\skip72
\bigstrutjot=\dimen172
)
(/opt/homebrew/Cellar/texlive/20220321_3/share/texmf-dist/tex/latex/booktabs/bo
oktabs.sty
Package: booktabs 2020/01/12 v1.61803398 Publication quality tables
\heavyrulewidth=\dimen173
\lightrulewidth=\dimen174
\cmidrulewidth=\dimen175
\belowrulesep=\dimen176
\belowbottomsep=\dimen177
\aboverulesep=\dimen178
\abovetopsep=\dimen179
\cmidrulesep=\dimen180
\cmidrulekern=\dimen181
\defaultaddspace=\dimen182
\@cmidla=\count311
\@cmidlb=\count312
\@aboverulesep=\dimen183
\@belowrulesep=\dimen184
\@thisruleclass=\count313
\@lastruleclass=\count314
\@thisrulewidth=\dimen185
)
(/opt/homebrew/Cellar/texlive/20220321_3/share/texmf-dist/tex/latex/relsize/rel
size.sty
Package: relsize 2013/03/29 ver 4.1
)
(/opt/homebrew/Cellar/texlive/20220321_3/share/texmf-dist/tex/latex/base/fonten
c.sty
Package: fontenc 2021/04/29 v2.0v Standard LaTeX package
)
(/opt/homebrew/Cellar/texlive/20220321_3/share/texmf-dist/tex/latex/fancyhdr/fa
ncyhdr.sty
Package: fancyhdr 2021/01/28 v4.0.1 Extensive control of page headers and foote
rs
\f@nch@headwidth=\skip73
\f@nch@O@elh=\skip74
\f@nch@O@erh=\skip75
\f@nch@O@olh=\skip76
\f@nch@O@orh=\skip77
\f@nch@O@elf=\skip78
\f@nch@O@erf=\skip79
\f@nch@O@olf=\skip80
\f@nch@O@orf=\skip81
)
(/opt/homebrew/Cellar/texlive/20220321_3/share/texmf-dist/tex/latex/enumitem/en
umitem.sty
Package: enumitem 2019/06/20 v3.9 Customized lists
\labelindent=\skip82
\enit@outerparindent=\dimen186
\enit@toks=\toks45
\enit@inbox=\box64
\enit@count@id=\count315
\enitdp@description=\count316
)
(/opt/homebrew/Cellar/texlive/20220321_3/share/texmf-dist/tex/latex/csquotes/cs
quotes.sty
Package: csquotes 2021-02-22 v5.2l context-sensitive quotations (JAW)
\csq@reset=\count317
\csq@gtype=\count318
\csq@glevel=\count319
\csq@qlevel=\count320
\csq@maxlvl=\count321
\csq@tshold=\count322
\csq@ltx@everypar=\toks46

(/opt/homebrew/Cellar/texlive/20220321_3/share/texmf-dist/tex/latex/csquotes/cs
quotes.def
File: csquotes.def 2021-02-22 v5.2l csquotes generic definitions (JAW)
)
Package csquotes Info: Trying to load configuration file 'csquotes.cfg'...
Package csquotes Info: ... configuration file loaded successfully.

(/opt/homebrew/Cellar/texlive/20220321_3/share/texmf-dist/tex/latex/csquotes/cs
quotes.cfg
File: csquotes.cfg 
))
(/opt/homebrew/Cellar/texlive/20220321_3/share/texmf-dist/tex/generic/ulem/ulem
.sty
\UL@box=\box65
\UL@hyphenbox=\box66
\UL@skip=\skip83
\UL@hook=\toks47
\UL@height=\dimen187
\UL@pe=\count323
\UL@pixel=\dimen188
\ULC@box=\box67
Package: ulem 2019/11/18
\ULdepth=\dimen189
)
(/opt/homebrew/Cellar/texlive/20220321_3/share/texmf-dist/tex/latex/pgf/fronten
dlayer/tikz.sty
(/opt/homebrew/Cellar/texlive/20220321_3/share/texmf-dist/tex/latex/pgf/basicla
yer/pgf.sty
(/opt/homebrew/Cellar/texlive/20220321_3/share/texmf-dist/tex/latex/pgf/utiliti
es/pgfrcs.sty
(/opt/homebrew/Cellar/texlive/20220321_3/share/texmf-dist/tex/generic/pgf/utili
ties/pgfutil-common.tex
\pgfutil@everybye=\toks48
\pgfutil@tempdima=\dimen190
\pgfutil@tempdimb=\dimen191

(/opt/homebrew/Cellar/texlive/20220321_3/share/texmf-dist/tex/generic/pgf/utili
ties/pgfutil-common-lists.tex))
(/opt/homebrew/Cellar/texlive/20220321_3/share/texmf-dist/tex/generic/pgf/utili
ties/pgfutil-latex.def
\pgfutil@abb=\box68
)
(/opt/homebrew/Cellar/texlive/20220321_3/share/texmf-dist/tex/generic/pgf/utili
ties/pgfrcs.code.tex
(/opt/homebrew/Cellar/texlive/20220321_3/share/texmf-dist/tex/generic/pgf/pgf.r
evision.tex)
Package: pgfrcs 2021/05/15 v3.1.9a (3.1.9a)
))
Package: pgf 2021/05/15 v3.1.9a (3.1.9a)

(/opt/homebrew/Cellar/texlive/20220321_3/share/texmf-dist/tex/latex/pgf/basicla
yer/pgfcore.sty
(/opt/homebrew/Cellar/texlive/20220321_3/share/texmf-dist/tex/latex/pgf/systeml
ayer/pgfsys.sty
(/opt/homebrew/Cellar/texlive/20220321_3/share/texmf-dist/tex/generic/pgf/syste
mlayer/pgfsys.code.tex
Package: pgfsys 2021/05/15 v3.1.9a (3.1.9a)

(/opt/homebrew/Cellar/texlive/20220321_3/share/texmf-dist/tex/generic/pgf/utili
ties/pgfkeys.code.tex
\pgfkeys@pathtoks=\toks49
\pgfkeys@temptoks=\toks50

(/opt/homebrew/Cellar/texlive/20220321_3/share/texmf-dist/tex/generic/pgf/utili
ties/pgfkeysfiltered.code.tex
\pgfkeys@tmptoks=\toks51
))
\pgf@x=\dimen192
\pgf@y=\dimen193
\pgf@xa=\dimen194
\pgf@ya=\dimen195
\pgf@xb=\dimen196
\pgf@yb=\dimen197
\pgf@xc=\dimen198
\pgf@yc=\dimen199
\pgf@xd=\dimen256
\pgf@yd=\dimen257
\w@pgf@writea=\write6
\r@pgf@reada=\read3
\c@pgf@counta=\count324
\c@pgf@countb=\count325
\c@pgf@countc=\count326
\c@pgf@countd=\count327
\t@pgf@toka=\toks52
\t@pgf@tokb=\toks53
\t@pgf@tokc=\toks54
\pgf@sys@id@count=\count328

(/opt/homebrew/Cellar/texlive/20220321_3/share/texmf-dist/tex/generic/pgf/syste
mlayer/pgf.cfg
File: pgf.cfg 2021/05/15 v3.1.9a (3.1.9a)
)
Driver file for pgf: pgfsys-pdftex.def

(/opt/homebrew/Cellar/texlive/20220321_3/share/texmf-dist/tex/generic/pgf/syste
mlayer/pgfsys-pdftex.def
File: pgfsys-pdftex.def 2021/05/15 v3.1.9a (3.1.9a)

(/opt/homebrew/Cellar/texlive/20220321_3/share/texmf-dist/tex/generic/pgf/syste
mlayer/pgfsys-common-pdf.def
File: pgfsys-common-pdf.def 2021/05/15 v3.1.9a (3.1.9a)
)))
(/opt/homebrew/Cellar/texlive/20220321_3/share/texmf-dist/tex/generic/pgf/syste
mlayer/pgfsyssoftpath.code.tex
File: pgfsyssoftpath.code.tex 2021/05/15 v3.1.9a (3.1.9a)
\pgfsyssoftpath@smallbuffer@items=\count329
\pgfsyssoftpath@bigbuffer@items=\count330
)
(/opt/homebrew/Cellar/texlive/20220321_3/share/texmf-dist/tex/generic/pgf/syste
mlayer/pgfsysprotocol.code.tex
File: pgfsysprotocol.code.tex 2021/05/15 v3.1.9a (3.1.9a)
))
(/opt/homebrew/Cellar/texlive/20220321_3/share/texmf-dist/tex/generic/pgf/basic
layer/pgfcore.code.tex
Package: pgfcore 2021/05/15 v3.1.9a (3.1.9a)

(/opt/homebrew/Cellar/texlive/20220321_3/share/texmf-dist/tex/generic/pgf/math/
pgfmath.code.tex
(/opt/homebrew/Cellar/texlive/20220321_3/share/texmf-dist/tex/generic/pgf/math/
pgfmathcalc.code.tex
(/opt/homebrew/Cellar/texlive/20220321_3/share/texmf-dist/tex/generic/pgf/math/
pgfmathutil.code.tex)
(/opt/homebrew/Cellar/texlive/20220321_3/share/texmf-dist/tex/generic/pgf/math/
pgfmathparser.code.tex
\pgfmath@dimen=\dimen258
\pgfmath@count=\count331
\pgfmath@box=\box69
\pgfmath@toks=\toks55
\pgfmath@stack@operand=\toks56
\pgfmath@stack@operation=\toks57
)
(/opt/homebrew/Cellar/texlive/20220321_3/share/texmf-dist/tex/generic/pgf/math/
pgfmathfunctions.code.tex
(/opt/homebrew/Cellar/texlive/20220321_3/share/texmf-dist/tex/generic/pgf/math/
pgfmathfunctions.basic.code.tex)
(/opt/homebrew/Cellar/texlive/20220321_3/share/texmf-dist/tex/generic/pgf/math/
pgfmathfunctions.trigonometric.code.tex)
(/opt/homebrew/Cellar/texlive/20220321_3/share/texmf-dist/tex/generic/pgf/math/
pgfmathfunctions.random.code.tex)
(/opt/homebrew/Cellar/texlive/20220321_3/share/texmf-dist/tex/generic/pgf/math/
pgfmathfunctions.comparison.code.tex)
(/opt/homebrew/Cellar/texlive/20220321_3/share/texmf-dist/tex/generic/pgf/math/
pgfmathfunctions.base.code.tex)
(/opt/homebrew/Cellar/texlive/20220321_3/share/texmf-dist/tex/generic/pgf/math/
pgfmathfunctions.round.code.tex)
(/opt/homebrew/Cellar/texlive/20220321_3/share/texmf-dist/tex/generic/pgf/math/
pgfmathfunctions.misc.code.tex)
(/opt/homebrew/Cellar/texlive/20220321_3/share/texmf-dist/tex/generic/pgf/math/
pgfmathfunctions.integerarithmetics.code.tex)))
(/opt/homebrew/Cellar/texlive/20220321_3/share/texmf-dist/tex/generic/pgf/math/
pgfmathfloat.code.tex
\c@pgfmathroundto@lastzeros=\count332
))
(/opt/homebrew/Cellar/texlive/20220321_3/share/texmf-dist/tex/generic/pgf/math/
pgfint.code.tex)
(/opt/homebrew/Cellar/texlive/20220321_3/share/texmf-dist/tex/generic/pgf/basic
layer/pgfcorepoints.code.tex
File: pgfcorepoints.code.tex 2021/05/15 v3.1.9a (3.1.9a)
\pgf@picminx=\dimen259
\pgf@picmaxx=\dimen260
\pgf@picminy=\dimen261
\pgf@picmaxy=\dimen262
\pgf@pathminx=\dimen263
\pgf@pathmaxx=\dimen264
\pgf@pathminy=\dimen265
\pgf@pathmaxy=\dimen266
\pgf@xx=\dimen267
\pgf@xy=\dimen268
\pgf@yx=\dimen269
\pgf@yy=\dimen270
\pgf@zx=\dimen271
\pgf@zy=\dimen272
)
(/opt/homebrew/Cellar/texlive/20220321_3/share/texmf-dist/tex/generic/pgf/basic
layer/pgfcorepathconstruct.code.tex
File: pgfcorepathconstruct.code.tex 2021/05/15 v3.1.9a (3.1.9a)
\pgf@path@lastx=\dimen273
\pgf@path@lasty=\dimen274
)
(/opt/homebrew/Cellar/texlive/20220321_3/share/texmf-dist/tex/generic/pgf/basic
layer/pgfcorepathusage.code.tex
File: pgfcorepathusage.code.tex 2021/05/15 v3.1.9a (3.1.9a)
\pgf@shorten@end@additional=\dimen275
\pgf@shorten@start@additional=\dimen276
)
(/opt/homebrew/Cellar/texlive/20220321_3/share/texmf-dist/tex/generic/pgf/basic
layer/pgfcorescopes.code.tex
File: pgfcorescopes.code.tex 2021/05/15 v3.1.9a (3.1.9a)
\pgfpic=\box70
\pgf@hbox=\box71
\pgf@layerbox@main=\box72
\pgf@picture@serial@count=\count333
)
(/opt/homebrew/Cellar/texlive/20220321_3/share/texmf-dist/tex/generic/pgf/basic
layer/pgfcoregraphicstate.code.tex
File: pgfcoregraphicstate.code.tex 2021/05/15 v3.1.9a (3.1.9a)
\pgflinewidth=\dimen277
)
(/opt/homebrew/Cellar/texlive/20220321_3/share/texmf-dist/tex/generic/pgf/basic
layer/pgfcoretransformations.code.tex
File: pgfcoretransformations.code.tex 2021/05/15 v3.1.9a (3.1.9a)
\pgf@pt@x=\dimen278
\pgf@pt@y=\dimen279
\pgf@pt@temp=\dimen280
)
(/opt/homebrew/Cellar/texlive/20220321_3/share/texmf-dist/tex/generic/pgf/basic
layer/pgfcorequick.code.tex
File: pgfcorequick.code.tex 2021/05/15 v3.1.9a (3.1.9a)
)
(/opt/homebrew/Cellar/texlive/20220321_3/share/texmf-dist/tex/generic/pgf/basic
layer/pgfcoreobjects.code.tex
File: pgfcoreobjects.code.tex 2021/05/15 v3.1.9a (3.1.9a)
)
(/opt/homebrew/Cellar/texlive/20220321_3/share/texmf-dist/tex/generic/pgf/basic
layer/pgfcorepathprocessing.code.tex
File: pgfcorepathprocessing.code.tex 2021/05/15 v3.1.9a (3.1.9a)
)
(/opt/homebrew/Cellar/texlive/20220321_3/share/texmf-dist/tex/generic/pgf/basic
layer/pgfcorearrows.code.tex
File: pgfcorearrows.code.tex 2021/05/15 v3.1.9a (3.1.9a)
\pgfarrowsep=\dimen281
)
(/opt/homebrew/Cellar/texlive/20220321_3/share/texmf-dist/tex/generic/pgf/basic
layer/pgfcoreshade.code.tex
File: pgfcoreshade.code.tex 2021/05/15 v3.1.9a (3.1.9a)
\pgf@max=\dimen282
\pgf@sys@shading@range@num=\count334
\pgf@shadingcount=\count335
)
(/opt/homebrew/Cellar/texlive/20220321_3/share/texmf-dist/tex/generic/pgf/basic
layer/pgfcoreimage.code.tex
File: pgfcoreimage.code.tex 2021/05/15 v3.1.9a (3.1.9a)

(/opt/homebrew/Cellar/texlive/20220321_3/share/texmf-dist/tex/generic/pgf/basic
layer/pgfcoreexternal.code.tex
File: pgfcoreexternal.code.tex 2021/05/15 v3.1.9a (3.1.9a)
\pgfexternal@startupbox=\box73
))
(/opt/homebrew/Cellar/texlive/20220321_3/share/texmf-dist/tex/generic/pgf/basic
layer/pgfcorelayers.code.tex
File: pgfcorelayers.code.tex 2021/05/15 v3.1.9a (3.1.9a)
)
(/opt/homebrew/Cellar/texlive/20220321_3/share/texmf-dist/tex/generic/pgf/basic
layer/pgfcoretransparency.code.tex
File: pgfcoretransparency.code.tex 2021/05/15 v3.1.9a (3.1.9a)
)
(/opt/homebrew/Cellar/texlive/20220321_3/share/texmf-dist/tex/generic/pgf/basic
layer/pgfcorepatterns.code.tex
File: pgfcorepatterns.code.tex 2021/05/15 v3.1.9a (3.1.9a)
)
(/opt/homebrew/Cellar/texlive/20220321_3/share/texmf-dist/tex/generic/pgf/basic
layer/pgfcorerdf.code.tex
File: pgfcorerdf.code.tex 2021/05/15 v3.1.9a (3.1.9a)
)))
(/opt/homebrew/Cellar/texlive/20220321_3/share/texmf-dist/tex/generic/pgf/modul
es/pgfmoduleshapes.code.tex
File: pgfmoduleshapes.code.tex 2021/05/15 v3.1.9a (3.1.9a)
\pgfnodeparttextbox=\box74
)
(/opt/homebrew/Cellar/texlive/20220321_3/share/texmf-dist/tex/generic/pgf/modul
es/pgfmoduleplot.code.tex
File: pgfmoduleplot.code.tex 2021/05/15 v3.1.9a (3.1.9a)
)
(/opt/homebrew/Cellar/texlive/20220321_3/share/texmf-dist/tex/latex/pgf/compati
bility/pgfcomp-version-0-65.sty
Package: pgfcomp-version-0-65 2021/05/15 v3.1.9a (3.1.9a)
\pgf@nodesepstart=\dimen283
\pgf@nodesepend=\dimen284
)
(/opt/homebrew/Cellar/texlive/20220321_3/share/texmf-dist/tex/latex/pgf/compati
bility/pgfcomp-version-1-18.sty
Package: pgfcomp-version-1-18 2021/05/15 v3.1.9a (3.1.9a)
))
(/opt/homebrew/Cellar/texlive/20220321_3/share/texmf-dist/tex/latex/pgf/utiliti
es/pgffor.sty
(/opt/homebrew/Cellar/texlive/20220321_3/share/texmf-dist/tex/latex/pgf/utiliti
es/pgfkeys.sty
(/opt/homebrew/Cellar/texlive/20220321_3/share/texmf-dist/tex/generic/pgf/utili
ties/pgfkeys.code.tex))
(/opt/homebrew/Cellar/texlive/20220321_3/share/texmf-dist/tex/latex/pgf/math/pg
fmath.sty
(/opt/homebrew/Cellar/texlive/20220321_3/share/texmf-dist/tex/generic/pgf/math/
pgfmath.code.tex))
(/opt/homebrew/Cellar/texlive/20220321_3/share/texmf-dist/tex/generic/pgf/utili
ties/pgffor.code.tex
Package: pgffor 2021/05/15 v3.1.9a (3.1.9a)

(/opt/homebrew/Cellar/texlive/20220321_3/share/texmf-dist/tex/generic/pgf/math/
pgfmath.code.tex)
\pgffor@iter=\dimen285
\pgffor@skip=\dimen286
\pgffor@stack=\toks58
\pgffor@toks=\toks59
))
(/opt/homebrew/Cellar/texlive/20220321_3/share/texmf-dist/tex/generic/pgf/front
endlayer/tikz/tikz.code.tex
Package: tikz 2021/05/15 v3.1.9a (3.1.9a)

(/opt/homebrew/Cellar/texlive/20220321_3/share/texmf-dist/tex/generic/pgf/libra
ries/pgflibraryplothandlers.code.tex
File: pgflibraryplothandlers.code.tex 2021/05/15 v3.1.9a (3.1.9a)
\pgf@plot@mark@count=\count336
\pgfplotmarksize=\dimen287
)
\tikz@lastx=\dimen288
\tikz@lasty=\dimen289
\tikz@lastxsaved=\dimen290
\tikz@lastysaved=\dimen291
\tikz@lastmovetox=\dimen292
\tikz@lastmovetoy=\dimen293
\tikzleveldistance=\dimen294
\tikzsiblingdistance=\dimen295
\tikz@figbox=\box75
\tikz@figbox@bg=\box76
\tikz@tempbox=\box77
\tikz@tempbox@bg=\box78
\tikztreelevel=\count337
\tikznumberofchildren=\count338
\tikznumberofcurrentchild=\count339
\tikz@fig@count=\count340

(/opt/homebrew/Cellar/texlive/20220321_3/share/texmf-dist/tex/generic/pgf/modul
es/pgfmodulematrix.code.tex
File: pgfmodulematrix.code.tex 2021/05/15 v3.1.9a (3.1.9a)
\pgfmatrixcurrentrow=\count341
\pgfmatrixcurrentcolumn=\count342
\pgf@matrix@numberofcolumns=\count343
)
\tikz@expandcount=\count344

(/opt/homebrew/Cellar/texlive/20220321_3/share/texmf-dist/tex/generic/pgf/front
endlayer/tikz/libraries/tikzlibrarytopaths.code.tex
File: tikzlibrarytopaths.code.tex 2021/05/15 v3.1.9a (3.1.9a)
)))
(/opt/homebrew/Cellar/texlive/20220321_3/share/texmf-dist/tex/generic/mathdots/
mathdots.sty
Package: mathdots 2014/06/11 v0.9 Improve and add various macros for dots in ma
th.
\MDo@unit=\dimen296
\MDo@dotsbox=\box79
\MDoprekern=\muskip18
\MDopostkern=\muskip19
\MDodotkern=\muskip20
)
(/opt/homebrew/Cellar/texlive/20220321_3/share/texmf-dist/tex/latex/cancel/canc
el.sty
Package: cancel 2013/04/12 v2.2 Cancel math terms
)
(/opt/homebrew/Cellar/texlive/20220321_3/share/texmf-dist/tex/latex/tools/tabul
arx.sty
Package: tabularx 2020/01/15 v2.11c `tabularx' package (DPC)
\TX@col@width=\dimen297
\TX@old@table=\dimen298
\TX@old@col=\dimen299
\TX@target=\dimen300
\TX@delta=\dimen301
\TX@cols=\count345
\TX@ftn=\toks60
)
(/opt/homebrew/Cellar/texlive/20220321_3/share/texmf-dist/tex/generic/pgf/front
endlayer/tikz/libraries/tikzlibraryfadings.code.tex
File: tikzlibraryfadings.code.tex 2021/05/15 v3.1.9a (3.1.9a)

(/opt/homebrew/Cellar/texlive/20220321_3/share/texmf-dist/tex/generic/pgf/libra
ries/pgflibraryfadings.code.tex
File: pgflibraryfadings.code.tex 2021/05/15 v3.1.9a (3.1.9a)
))
(/opt/homebrew/Cellar/texlive/20220321_3/share/texmf-dist/tex/latex/fundus-call
igra/calligra.sty
Package: calligra 2012/04/10 v1.9 LaTeX package calligra
)
(/opt/homebrew/Cellar/texlive/20220321_3/share/texmf-dist/tex/latex/fp/fp.sty
Package: fp 1995/04/02

`Fixed Point Package', Version 0.8, April 2, 1995 (C) Michael Mehlich
(/opt/homebrew/Cellar/texlive/20220321_3/share/texmf-dist/tex/latex/fp/defpatte
rn.sty
Package: defpattern 1994/10/12
\actioncount=\count346
)
(/opt/homebrew/Cellar/texlive/20220321_3/share/texmf-dist/tex/latex/fp/fp-basic
.sty
Package: fp-basic 1996/05/13
\FP@xs=\count347
\FP@xia=\count348
\FP@xib=\count349
\FP@xfa=\count350
\FP@xfb=\count351
\FP@rega=\count352
\FP@regb=\count353
\FP@regs=\count354
\FP@times=\count355
)
(/opt/homebrew/Cellar/texlive/20220321_3/share/texmf-dist/tex/latex/fp/fp-addon
s.sty
Package: fp-addons 1995/03/15
)
(/opt/homebrew/Cellar/texlive/20220321_3/share/texmf-dist/tex/latex/fp/fp-snap.
sty
Package: fp-snap 1995/04/05
)
(/opt/homebrew/Cellar/texlive/20220321_3/share/texmf-dist/tex/latex/fp/fp-exp.s
ty
Package: fp-exp 1995/04/03
)
(/opt/homebrew/Cellar/texlive/20220321_3/share/texmf-dist/tex/latex/fp/fp-trigo
.sty
Package: fp-trigo 1995/04/14
)
(/opt/homebrew/Cellar/texlive/20220321_3/share/texmf-dist/tex/latex/fp/fp-pas.s
ty
Package: fp-pas 1994/08/29
)
(/opt/homebrew/Cellar/texlive/20220321_3/share/texmf-dist/tex/latex/fp/fp-rando
m.sty
Package: fp-random 1995/02/23
\FPseed=\count356
)
(/opt/homebrew/Cellar/texlive/20220321_3/share/texmf-dist/tex/latex/fp/fp-eqn.s
ty
Package: fp-eqn 1995/04/03
)
(/opt/homebrew/Cellar/texlive/20220321_3/share/texmf-dist/tex/latex/fp/fp-upn.s
ty
Package: fp-upn 1996/10/21
)
(/opt/homebrew/Cellar/texlive/20220321_3/share/texmf-dist/tex/latex/fp/fp-eval.
sty
Package: fp-eval 1995/04/03
))
(/opt/homebrew/Cellar/texlive/20220321_3/share/texmf-dist/tex/latex/minted/mint
ed.sty
Package: minted 2021/12/24 v2.6 Yet another Pygments shim for LaTeX

(/opt/homebrew/Cellar/texlive/20220321_3/share/texmf-dist/tex/latex/fvextra/fve
xtra.sty
Package: fvextra 2019/02/04 v1.4 fvextra - extensions and patches for fancyvrb

(/opt/homebrew/Cellar/texlive/20220321_3/share/texmf-dist/tex/latex/base/ifthen
.sty
Package: ifthen 2020/11/24 v1.1c Standard LaTeX ifthen package (DPC)
)
(/opt/homebrew/Cellar/texlive/20220321_3/share/texmf-dist/tex/latex/upquote/upq
uote.sty
Package: upquote 2012/04/19 v1.3 upright-quote and grave-accent glyphs in verba
tim

(/opt/homebrew/Cellar/texlive/20220321_3/share/texmf-dist/tex/latex/base/textco
mp.sty
Package: textcomp 2020/02/02 v2.0n Standard LaTeX package
))
(/opt/homebrew/Cellar/texlive/20220321_3/share/texmf-dist/tex/latex/lineno/line
no.sty
Package: lineno 2005/11/02 line numbers on paragraphs v4.41
\linenopenalty=\count357
\output=\toks61
\linenoprevgraf=\count358
\linenumbersep=\dimen302
\linenumberwidth=\dimen303
\c@linenumber=\count359
\c@pagewiselinenumber=\count360
\c@LN@truepage=\count361
\c@internallinenumber=\count362
\c@internallinenumbers=\count363
\quotelinenumbersep=\dimen304
\bframerule=\dimen305
\bframesep=\dimen306
\bframebox=\box80


LaTeX Warning: Command \@parboxrestore  has changed.
               Check if current package is valid.

LaTeX Info: Redefining \\ on input line 3056.
)

Package fvextra Warning: csquotes should be loaded after fvextra, to avoid a wa
rning from the lineno package on input line 37.

\c@FV@TrueTabGroupLevel=\count364
\c@FV@TrueTabCounter=\count365
\FV@TabBox@Group=\box81
\FV@TmpLength=\skip84
\c@FV@HighlightLinesStart=\count366
\c@FV@HighlightLinesStop=\count367
\FV@LoopCount=\count368
\FV@NCharsBox=\box82
\FV@BreakIndent=\dimen307
\FV@BreakIndentNChars=\count369
\FV@BreakSymbolSepLeft=\dimen308
\FV@BreakSymbolSepLeftNChars=\count370
\FV@BreakSymbolSepRight=\dimen309
\FV@BreakSymbolSepRightNChars=\count371
\FV@BreakSymbolIndentLeft=\dimen310
\FV@BreakSymbolIndentLeftNChars=\count372
\FV@BreakSymbolIndentRight=\dimen311
\FV@BreakSymbolIndentRightNChars=\count373
\c@FancyVerbLineBreakLast=\count374
\FV@LineBox=\box83
\FV@LineIndentBox=\box84
\FV@LineWidth=\dimen312
)
(/opt/homebrew/Cellar/texlive/20220321_3/share/texmf-dist/tex/latex/tools/calc.
sty
Package: calc 2017/05/25 v4.3 Infix arithmetic (KKT,FJ)
\calc@Acount=\count375
\calc@Bcount=\count376
\calc@Adimen=\dimen313
\calc@Bdimen=\dimen314
\calc@Askip=\skip85
\calc@Bskip=\skip86
LaTeX Info: Redefining \setlength on input line 80.
LaTeX Info: Redefining \addtolength on input line 81.
\calc@Ccount=\count377
\calc@Cskip=\skip87
)
(/opt/homebrew/Cellar/texlive/20220321_3/share/texmf-dist/tex/latex/tools/shell
esc.sty
Package: shellesc 2019/11/08 v1.0c unified shell escape interface for LaTeX
Package shellesc Info: Unrestricted shell escape enabled on input line 75.
)
(/opt/homebrew/Cellar/texlive/20220321_3/share/texmf-dist/tex/latex/ifplatform/
ifplatform.sty
Package: ifplatform 2017/10/13 v0.4a Testing for the operating system

(/opt/homebrew/Cellar/texlive/20220321_3/share/texmf-dist/tex/generic/catchfile
/catchfile.sty
Package: catchfile 2019/12/09 v1.8 Catch the contents of a file (HO)
)
(/opt/homebrew/Cellar/texlive/20220321_3/share/texmf-dist/tex/generic/iftex/ifl
uatex.sty
Package: ifluatex 2019/10/25 v1.5 ifluatex legacy package. Use iftex instead.
)
runsystem(uname -s > "p.w18")...executed.

 (./p.w18)
runsystem(rm -- "p.w18")...executed.

)
(/opt/homebrew/Cellar/texlive/20220321_3/share/texmf-dist/tex/generic/xstring/x
string.sty
(/opt/homebrew/Cellar/texlive/20220321_3/share/texmf-dist/tex/generic/xstring/x
string.tex
\integerpart=\count378
\decimalpart=\count379
)
Package: xstring 2021/07/21 v1.84 String manipulations (CT)
)
(/opt/homebrew/Cellar/texlive/20220321_3/share/texmf-dist/tex/latex/framed/fram
ed.sty
Package: framed 2011/10/22 v 0.96: framed or shaded text with page breaks
\OuterFrameSep=\skip88
\fb@frw=\dimen315
\fb@frh=\dimen316
\FrameRule=\dimen317
\FrameSep=\dimen318
)
(/opt/homebrew/Cellar/texlive/20220321_3/share/texmf-dist/tex/latex/float/float
.sty
Package: float 2001/11/08 v1.3d Float enhancements (AL)
\c@float@type=\count380
\float@exts=\toks62
\float@box=\box85
\@float@everytoks=\toks63
\@floatcapt=\box86
)
\minted@appexistsfile=\read4
\minted@bgbox=\box87
\minted@code=\write7
\c@minted@FancyVerbLineTemp=\count381
\c@minted@pygmentizecounter=\count382
\@float@every@listing=\toks64
\c@listing=\count383
)
runsystem(mkdir -p _minted-p)...executed.


(/opt/homebrew/Cellar/texlive/20220321_3/share/texmf-dist/tex/latex/tcolorbox/t
colorbox.sty
Package: tcolorbox 2022/01/07 version 5.0.2 text color boxes

(/opt/homebrew/Cellar/texlive/20220321_3/share/texmf-dist/tex/latex/tools/verba
tim.sty
Package: verbatim 2020-07-07 v1.5u LaTeX2e package for verbatim enhancements
\every@verbatim=\toks65
\verbatim@line=\toks66
\verbatim@in@stream=\read5
)
(/opt/homebrew/Cellar/texlive/20220321_3/share/texmf-dist/tex/latex/environ/env
iron.sty
Package: environ 2014/05/04 v0.3 A new way to define environments

(/opt/homebrew/Cellar/texlive/20220321_3/share/texmf-dist/tex/latex/trimspaces/
trimspaces.sty
Package: trimspaces 2009/09/17 v1.1 Trim spaces around a token list
))
\tcb@titlebox=\box88
\tcb@upperbox=\box89
\tcb@lowerbox=\box90
\tcb@phantombox=\box91
\c@tcbbreakpart=\count384
\c@tcblayer=\count385
\c@tcolorbox@number=\count386
\tcb@temp=\box92
\tcb@temp=\box93
\tcb@temp=\box94
\tcb@temp=\box95
)
(/opt/homebrew/Cellar/texlive/20220321_3/share/texmf-dist/tex/latex/titlesec/ti
tlesec.sty
Package: titlesec 2021/07/05 v2.14 Sectioning titles
\ttl@box=\box96
\beforetitleunit=\skip89
\aftertitleunit=\skip90
\ttl@plus=\dimen319
\ttl@minus=\dimen320
\ttl@toksa=\toks67
\titlewidth=\dimen321
\titlewidthlast=\dimen322
\titlewidthfirst=\dimen323
)
(/opt/homebrew/Cellar/texlive/20220321_3/share/texmf-dist/tex/latex/psnfss/pifo
nt.sty
Package: pifont 2020/03/25 PSNFSS-v9.3 Pi font support (SPQR) 
LaTeX Font Info:    Trying to load font information for U+pzd on input line 63.


(/opt/homebrew/Cellar/texlive/20220321_3/share/texmf-dist/tex/latex/psnfss/upzd
.fd
File: upzd.fd 2001/06/04 font definitions for U/pzd.
)
LaTeX Font Info:    Trying to load font information for U+psy on input line 64.


(/opt/homebrew/Cellar/texlive/20220321_3/share/texmf-dist/tex/latex/psnfss/upsy
.fd
File: upsy.fd 2001/06/04 font definitions for U/psy.
))
(/opt/homebrew/Cellar/texlive/20220321_3/share/texmf-dist/tex/latex/wasysym/was
ysym.sty
Package: wasysym 2020/01/19 v2.4 Wasy-2 symbol support package
\symwasy=\mathgroup8
LaTeX Font Info:    Overwriting symbol font `wasy' in version `bold'
(Font)                  U/wasy/m/n --> U/wasy/b/n on input line 93.
)
(/opt/homebrew/Cellar/texlive/20220321_3/share/texmf-dist/tex/latex/algorithms/
algorithmic.sty
Package: algorithmic 2009/08/24 v0.1 Document Style `algorithmic'
\c@ALC@unique=\count387
\c@ALC@line=\count388
\c@ALC@rem=\count389
\c@ALC@depth=\count390
\ALC@tlm=\skip91
\algorithmicindent=\skip92
)
(/opt/homebrew/Cellar/texlive/20220321_3/share/texmf-dist/tex/latex/tools/bm.st
y
Package: bm 2021/04/25 v1.2e Bold Symbol Support (DPC/FMi)
Package bm Info: No bold for \OT1/ptmcm/m/n, using \pmb.
Package bm Info: No bold for \OML/ptmcm/m/it, using \pmb.
Package bm Info: No bold for \OMS/pzccm/m/n, using \pmb.
Package bm Info: No bold for \OMX/psycm/m/n, using \pmb.
Package bm Info: No bold for \OT1/ptm/bx/n, using \pmb.
Package bm Info: No bold for \OT1/ptm/m/it, using \pmb.
Package bm Info: No bold for \U/msa/m/n, using \pmb.
Package bm Info: No bold for \U/msb/m/n, using \pmb.
\symboldwasy=\mathgroup9
))
(/opt/homebrew/Cellar/texlive/20220321_3/share/texmf-dist/tex/latex/todonotes/t
odonotes.sty
Package: todonotes 2021/06/04 v1.1.5 Todonotes source and documentation.
Package: todonotes 2021/06/04

(/opt/homebrew/Cellar/texlive/20220321_3/share/texmf-dist/tex/generic/pgf/front
endlayer/tikz/libraries/tikzlibrarypositioning.code.tex
File: tikzlibrarypositioning.code.tex 2021/05/15 v3.1.9a (3.1.9a)
)
\c@@todonotes@numberoftodonotes=\count391
) (./cmds.tex
(./code/fmt.tex)
(/opt/homebrew/Cellar/texlive/20220321_3/share/texmf-dist/tex/generic/pdftex/gl
yphtounicode.tex)
\c@theorem1=\count392
\c@lemma1=\count393
) (./cmds-p.tex) (./rev.tex)
Package csquotes Info: Checking for multilingual support...
Package csquotes Info: ... none found.
runsystem(which pygmentize && touch p.aex)...executed.

runsystem(rm p.aex)...executed.


(/opt/homebrew/Cellar/texlive/20220321_3/share/texmf-dist/tex/latex/l3backend/l
3backend-pdftex.def
File: l3backend-pdftex.def 2022-02-07 L3 backend support: PDF output (pdfTeX)
\l__color_backend_stack_int=\count394
\l__pdf_internal_box=\box97
) (latex.out/p.aux

LaTeX Warning: Label `s:intro' multiply defined.

)
\openout1 = `p.aux'.

LaTeX Font Info:    Checking defaults for OML/cmm/m/it on input line 11.
LaTeX Font Info:    ... okay on input line 11.
LaTeX Font Info:    Checking defaults for OMS/pzccm/m/n on input line 11.
LaTeX Font Info:    Trying to load font information for OMS+pzccm on input line
 11.

(/opt/homebrew/Cellar/texlive/20220321_3/share/texmf-dist/tex/latex/psnfss/omsp
zccm.fd
File: omspzccm.fd 2000/01/03 Fontinst v1.801 font definitions for OMS/pzccm.
)
LaTeX Font Info:    ... okay on input line 11.
LaTeX Font Info:    Checking defaults for OT1/cmr/m/n on input line 11.
LaTeX Font Info:    ... okay on input line 11.
LaTeX Font Info:    Checking defaults for T1/cmr/m/n on input line 11.
LaTeX Font Info:    ... okay on input line 11.
LaTeX Font Info:    Checking defaults for TS1/cmr/m/n on input line 11.
LaTeX Font Info:    ... okay on input line 11.
LaTeX Font Info:    Checking defaults for OMX/cmex/m/n on input line 11.
LaTeX Font Info:    ... okay on input line 11.
LaTeX Font Info:    Checking defaults for U/cmr/m/n on input line 11.
LaTeX Font Info:    ... okay on input line 11.
LaTeX Font Info:    Checking defaults for PD1/pdf/m/n on input line 11.
LaTeX Font Info:    ... okay on input line 11.
LaTeX Font Info:    Checking defaults for PU/pdf/m/n on input line 11.
LaTeX Font Info:    ... okay on input line 11.
LaTeX Info: Redefining \microtypecontext on input line 11.
Package microtype Info: Applying patch `item' on input line 11.
Package microtype Info: Applying patch `toc' on input line 11.
Package microtype Info: Applying patch `eqnum' on input line 11.
Package microtype Info: Applying patch `footnote' on input line 11.
Package microtype Info: Generating PDF output.
Package microtype Info: Character protrusion enabled (level 2).
Package microtype Info: Using default protrusion set `alltext'.
Package microtype Info: Automatic font expansion enabled (level 2),
(microtype)             stretch: 20, shrink: 20, step: 1, non-selected.
Package microtype Info: Using default expansion set `alltext-nott'.
LaTeX Info: Redefining \showhyphens on input line 11.
Package microtype Info: No adjustment of tracking.
Package microtype Info: Adjustment of interword spacing enabled.
Package microtype Info: Using default spacing set `alltext-nott'.
Package microtype Info: Adjustment of character kerning enabled.
Package microtype Info: Using default kerning set `alltext'.

(/opt/homebrew/Cellar/texlive/20220321_3/share/texmf-dist/tex/latex/microtype/m
t-ptm.cfg
File: mt-ptm.cfg 2006/04/20 v1.7 microtype config. file: Times (RS)
)

Package microtype Warning: \nonfrenchspacing is active. Adjustment of
(microtype)                interword spacing will disable it. You might want
(microtype)                to add `\microtypecontext{spacing=nonfrench}'
(microtype)                to your preamble.


(/opt/homebrew/Cellar/texlive/20220321_3/share/texmf-dist/tex/context/base/mkii
/supp-pdf.mkii
[Loading MPS to PDF converter (version 2006.09.02).]
\scratchcounter=\count395
\scratchdimen=\dimen324
\scratchbox=\box98
\nofMPsegments=\count396
\nofMParguments=\count397
\everyMPshowfont=\toks68
\MPscratchCnt=\count398
\MPscratchDim=\dimen325
\MPnumerator=\count399
\makeMPintoPDFobject=\count400
\everyMPtoPDFconversion=\toks69
)
(/opt/homebrew/Cellar/texlive/20220321_3/share/texmf-dist/tex/latex/epstopdf-pk
g/epstopdf-base.sty
Package: epstopdf-base 2020-01-24 v2.11 Base part for package epstopdf
Package epstopdf-base Info: Redefining graphics rule for `.eps' on input line 4
85.

(/opt/homebrew/Cellar/texlive/20220321_3/share/texmf-dist/tex/latex/latexconfig
/epstopdf-sys.cfg
File: epstopdf-sys.cfg 2010/07/13 v1.3 Configuration of (r)epstopdf for TeX Liv
e
))
Package hyperref Info: Link coloring ON on input line 11.

(/opt/homebrew/Cellar/texlive/20220321_3/share/texmf-dist/tex/latex/hyperref/na
meref.sty
Package: nameref 2021-04-02 v2.47 Cross-referencing by name of section

(/opt/homebrew/Cellar/texlive/20220321_3/share/texmf-dist/tex/latex/refcount/re
fcount.sty
Package: refcount 2019/12/15 v3.6 Data extraction from label references (HO)
)
(/opt/homebrew/Cellar/texlive/20220321_3/share/texmf-dist/tex/generic/gettitles
tring/gettitlestring.sty
Package: gettitlestring 2019/12/15 v1.6 Cleanup title references (HO)
)
\c@section@level=\count401
)
LaTeX Info: Redefining \ref on input line 11.
LaTeX Info: Redefining \pageref on input line 11.
LaTeX Info: Redefining \nameref on input line 11.
 (latex.out/p.out) (latex.out/p.out)
\@outlinefile=\write8
\openout8 = `p.out'.

Package caption Info: Begin \AtBeginDocument code.
Package caption Info: subfig package v1.3 is loaded.
Package caption Info: float package is loaded.
Package caption Info: End \AtBeginDocument code.


Package todonotes Warning: The length marginparwidth is less than 2cm and will 
most likely cause issues with the appearance of inserted todonotes. The issue c
an be solved by adding a line like \setlength {\marginparwidth }{2cm} prior to 
loading the todonotes package. on input line 11.

(./hdr.tex)
LaTeX Font Info:    Trying to load font information for OT1+ptmcm on input line
 14.

(/opt/homebrew/Cellar/texlive/20220321_3/share/texmf-dist/tex/latex/psnfss/ot1p
tmcm.fd
File: ot1ptmcm.fd 2000/01/03 Fontinst v1.801 font definitions for OT1/ptmcm.
)
Package microtype Info: Loading generic protrusion settings for font family
(microtype)             `ptmcm' (encoding: OT1).
(microtype)             For optimal results, create family-specific settings.
(microtype)             See the microtype manual for details.
LaTeX Font Info:    Trying to load font information for OML+ptmcm on input line
 14.

(/opt/homebrew/Cellar/texlive/20220321_3/share/texmf-dist/tex/latex/psnfss/omlp
tmcm.fd
File: omlptmcm.fd 2000/01/03 Fontinst v1.801 font definitions for OML/ptmcm.
)
LaTeX Font Info:    Trying to load font information for OMX+psycm on input line
 14.

(/opt/homebrew/Cellar/texlive/20220321_3/share/texmf-dist/tex/latex/psnfss/omxp
sycm.fd
File: omxpsycm.fd 2000/01/03 Fontinst v1.801 font definitions for OMX/psycm.
)
LaTeX Font Info:    Font shape `OT1/ptm/bx/n' in size <12> not available
(Font)              Font shape `OT1/ptm/b/n' tried instead on input line 14.
LaTeX Font Info:    Font shape `OT1/ptm/bx/n' in size <9> not available
(Font)              Font shape `OT1/ptm/b/n' tried instead on input line 14.
LaTeX Font Info:    Font shape `OT1/ptm/bx/n' in size <7> not available
(Font)              Font shape `OT1/ptm/b/n' tried instead on input line 14.

(/opt/homebrew/Cellar/texlive/20220321_3/share/texmf-dist/tex/latex/microtype/m
t-msa.cfg
File: mt-msa.cfg 2006/02/04 v1.1 microtype config. file: AMS symbols (a) (RS)
)
(/opt/homebrew/Cellar/texlive/20220321_3/share/texmf-dist/tex/latex/microtype/m
t-msb.cfg
File: mt-msb.cfg 2005/06/01 v1.0 microtype config. file: AMS symbols (b) (RS)
)
LaTeX Font Info:    Trying to load font information for U+wasy on input line 14
.

(/opt/homebrew/Cellar/texlive/20220321_3/share/texmf-dist/tex/latex/wasysym/uwa
sy.fd
File: uwasy.fd 2020/01/19 v2.4 Wasy-2 symbol font definitions
)

LaTeX Font Warning: Font shape `U/wasy/b/n' in size <9> not available
(Font)              Font shape `U/wasy/m/n' tried instead on input line 14.


LaTeX Font Warning: Font shape `U/wasy/b/n' in size <7> not available
(Font)              Font shape `U/wasy/m/n' tried instead on input line 14.

(./abstract.tex) (./intro.tex) (./intro.tex) (./bg.tex) (./design.tex)
(./impl.tex) (./eval.tex) (./futwk.tex) (./conclusion.tex) (latex.out/p.bbl

LaTeX Warning: Empty `thebibliography' environment on input line 3.

)

Package caption Warning: Unused \captionsetup[table] on input line 32.
See the caption package documentation for explanation.


Underfull \vbox (badness 6125) has occurred while \output is active []

 [1{/opt/homebrew/Cellar/texlive/20220321_3/share/texmf-dist/fonts/map/pdftex/u
pdmap/pdftex.map}


] (latex.out/p.aux)

LaTeX Warning: There were multiply-defined labels.

Package rerunfilecheck Info: File `p.out' has not changed.
(rerunfilecheck)             Checksum: 109A228D7A58459502BDED955830A29C;772.
 ) 
Here is how much of TeX's memory you used:
 33557 strings out of 478268
 651312 string characters out of 5835367
 981381 words of memory out of 5000000
 50947 multiletter control sequences out of 15000+600000
 510969 words of font info for 132 fonts, out of 8000000 for 9000
 1141 hyphenation exceptions out of 8191
 92i,10n,138p,994b,428s stack positions out of 10000i,1000n,20000p,200000b,200000s
{/opt/homebrew/Cellar/texlive/20220321_3/share/texmf-dist/fonts/enc/dvips/bas
e/8r.enc}</opt/homebrew/Cellar/texlive/20220321_3/share/texmf-dist/fonts/type1/
urw/times/utmb8a.pfb></opt/homebrew/Cellar/texlive/20220321_3/share/texmf-dist/
fonts/type1/urw/times/utmr8a.pfb></opt/homebrew/Cellar/texlive/20220321_3/share
/texmf-dist/fonts/type1/urw/times/utmri8a.pfb>
Output written on latex.out/p.pdf (1 page, 40608 bytes).
PDF statistics:
 91 PDF objects out of 1000 (max. 8388607)
 65 compressed objects within 1 object stream
 10 named destinations out of 1000 (max. 500000)
 44717 words of extra memory for PDF output out of 51595 (max. 10000000)

